Using pre-set license
Built from '2021.3/staging' branch; Version is '2021.3.10f1 (1c7d0df0160b) revision 1867021'; Using compiler version '192829333'; Build Type 'Release'
OS: 'Windows 10  (10.0.19044) 64bit Enterprise' Language: 'ru' Physical Memory: 16193 MB
BatchMode: 1, IsHumanControllingUs: 0, StartBugReporterOnCrash: 0, Is64bit: 1, IsPro: 1

COMMAND LINE ARGUMENTS:
C:\Program Files\Unity\Hub\Editor\2021.3.10f1\Editor\Unity.exe
-adb2
-batchMode
-noUpm
-name
AssetImportWorker0
-projectPath
D:/Strix/unity_games/kpi-gamedev-2022/lab_1/GameProgLab1Group93
-logFile
Logs/AssetImportWorker0.log
-srvPort
59662
Successfully changed project path to: D:/Strix/unity_games/kpi-gamedev-2022/lab_1/GameProgLab1Group93
D:/Strix/unity_games/kpi-gamedev-2022/lab_1/GameProgLab1Group93
[UnityMemory] Configuration Parameters - Can be set up in boot.config
    "memorysetup-bucket-allocator-granularity=16"
    "memorysetup-bucket-allocator-bucket-count=8"
    "memorysetup-bucket-allocator-block-size=33554432"
    "memorysetup-bucket-allocator-block-count=8"
    "memorysetup-main-allocator-block-size=16777216"
    "memorysetup-thread-allocator-block-size=16777216"
    "memorysetup-gfx-main-allocator-block-size=16777216"
    "memorysetup-gfx-thread-allocator-block-size=16777216"
    "memorysetup-cache-allocator-block-size=4194304"
    "memorysetup-typetree-allocator-block-size=2097152"
    "memorysetup-profiler-bucket-allocator-granularity=16"
    "memorysetup-profiler-bucket-allocator-bucket-count=8"
    "memorysetup-profiler-bucket-allocator-block-size=33554432"
    "memorysetup-profiler-bucket-allocator-block-count=8"
    "memorysetup-profiler-allocator-block-size=16777216"
    "memorysetup-profiler-editor-allocator-block-size=1048576"
    "memorysetup-temp-allocator-size-main=16777216"
    "memorysetup-job-temp-allocator-block-size=2097152"
    "memorysetup-job-temp-allocator-block-size-background=1048576"
    "memorysetup-job-temp-allocator-reduction-small-platforms=262144"
    "memorysetup-temp-allocator-size-background-worker=32768"
    "memorysetup-temp-allocator-size-job-worker=262144"
    "memorysetup-temp-allocator-size-preload-manager=33554432"
    "memorysetup-temp-allocator-size-nav-mesh-worker=65536"
    "memorysetup-temp-allocator-size-audio-worker=65536"
    "memorysetup-temp-allocator-size-cloud-worker=32768"
    "memorysetup-temp-allocator-size-gi-baking-worker=262144"
    "memorysetup-temp-allocator-size-gfx=262144"
Refreshing native plugins compatible for Editor in 119.31 ms, found 4 plugins.
Preloading 0 native plugins for Editor in 0.00 ms.
Initialize engine version: 2021.3.10f1 (1c7d0df0160b)
[Subsystems] Discovering subsystems at path C:/Program Files/Unity/Hub/Editor/2021.3.10f1/Editor/Data/Resources/UnitySubsystems
[Subsystems] Discovering subsystems at path D:/Strix/unity_games/kpi-gamedev-2022/lab_1/GameProgLab1Group93/Assets
GfxDevice: creating device client; threaded=0; jobified=0
Direct3D:
    Version:  Direct3D 11.0 [level 11.1]
    Renderer: NVIDIA GeForce RTX 3070 Ti (ID=0x2482)
    Vendor:   NVIDIA
    VRAM:     8042 MB
    Driver:   31.0.15.1694
Initialize mono
Mono path[0] = 'C:/Program Files/Unity/Hub/Editor/2021.3.10f1/Editor/Data/Managed'
Mono path[1] = 'C:/Program Files/Unity/Hub/Editor/2021.3.10f1/Editor/Data/MonoBleedingEdge/lib/mono/unityjit-win32'
Mono config path = 'C:/Program Files/Unity/Hub/Editor/2021.3.10f1/Editor/Data/MonoBleedingEdge/etc'
Using monoOptions --debugger-agent=transport=dt_socket,embedding=1,server=y,suspend=n,address=127.0.0.1:56516
Begin MonoManager ReloadAssembly
Registering precompiled unity dll's ...
Register platform support module: C:/Program Files/Unity/Hub/Editor/2021.3.10f1/Editor/Data/PlaybackEngines/WindowsStandaloneSupport/UnityEditor.WindowsStandalone.Extensions.dll
Register platform support module: C:/Program Files/Unity/Hub/Editor/2021.3.10f1/Editor/Data/PlaybackEngines/MetroSupport/UnityEditor.UWP.Extensions.dll
Registered in 0.008669 seconds.
Native extension for UWP target not found
Native extension for WindowsStandalone target not found
Refreshing native plugins compatible for Editor in 116.45 ms, found 4 plugins.
Preloading 0 native plugins for Editor in 0.00 ms.
Mono: successfully reloaded assembly
- Completed reload, in  0.713 seconds
Domain Reload Profiling:
	ReloadAssembly (713ms)
		BeginReloadAssembly (54ms)
			ExecutionOrderSort (0ms)
			DisableScriptedObjects (0ms)
			BackupInstance (0ms)
			ReleaseScriptingObjects (0ms)
			CreateAndSetChildDomain (0ms)
		EndReloadAssembly (531ms)
			LoadAssemblies (54ms)
			RebuildTransferFunctionScriptingTraits (0ms)
			SetupTypeCache (113ms)
			ReleaseScriptCaches (0ms)
			RebuildScriptCaches (34ms)
			SetupLoadedEditorAssemblies (326ms)
				LogAssemblyErrors (0ms)
				InitializePlatformSupportModulesInManaged (11ms)
				SetLoadedEditorAssemblies (0ms)
				RefreshPlugins (117ms)
				BeforeProcessingInitializeOnLoad (2ms)
				ProcessInitializeOnLoadAttributes (143ms)
				ProcessInitializeOnLoadMethodAttributes (53ms)
				AfterProcessingInitializeOnLoad (0ms)
				EditorAssembliesLoaded (0ms)
			ExecutionOrderSort2 (0ms)
			AwakeInstancesAfterBackupRestoration (0ms)
Platform modules already initialized, skipping
Registering precompiled user dll's ...
Registered in 0.008754 seconds.
Begin MonoManager ReloadAssembly
Symbol file LoadedFromMemory doesn't match image D:\Strix\unity_games\kpi-gamedev-2022\lab_1\GameProgLab1Group93\Library\PackageCache\com.unity.visualscripting@1.7.8\Editor\VisualScripting.Core\Dependencies\YamlDotNet\Unity.VisualScripting.YamlDotNet.dll
Symbol file LoadedFromMemory doesn't match image D:\Strix\unity_games\kpi-gamedev-2022\lab_1\GameProgLab1Group93\Library\PackageCache\com.unity.visualscripting@1.7.8\Editor\VisualScripting.Core\Dependencies\DotNetZip\Unity.VisualScripting.IonicZip.dll
Native extension for UWP target not found
Native extension for WindowsStandalone target not found
Refreshing native plugins compatible for Editor in 118.84 ms, found 4 plugins.
Preloading 0 native plugins for Editor in 0.00 ms.
Mono: successfully reloaded assembly
- Completed reload, in  1.304 seconds
Domain Reload Profiling:
	ReloadAssembly (1305ms)
		BeginReloadAssembly (100ms)
			ExecutionOrderSort (0ms)
			DisableScriptedObjects (6ms)
			BackupInstance (0ms)
			ReleaseScriptingObjects (0ms)
			CreateAndSetChildDomain (19ms)
		EndReloadAssembly (1062ms)
			LoadAssemblies (81ms)
			RebuildTransferFunctionScriptingTraits (0ms)
			SetupTypeCache (260ms)
			ReleaseScriptCaches (1ms)
			RebuildScriptCaches (64ms)
			SetupLoadedEditorAssemblies (582ms)
				LogAssemblyErrors (0ms)
				InitializePlatformSupportModulesInManaged (7ms)
				SetLoadedEditorAssemblies (0ms)
				RefreshPlugins (119ms)
				BeforeProcessingInitializeOnLoad (123ms)
				ProcessInitializeOnLoadAttributes (271ms)
				ProcessInitializeOnLoadMethodAttributes (52ms)
				AfterProcessingInitializeOnLoad (9ms)
				EditorAssembliesLoaded (0ms)
			ExecutionOrderSort2 (0ms)
			AwakeInstancesAfterBackupRestoration (7ms)
Platform modules already initialized, skipping
========================================================================
Worker process is ready to serve import requests
Launched and connected shader compiler UnityShaderCompiler.exe after 0.04 seconds
Refreshing native plugins compatible for Editor in 0.92 ms, found 4 plugins.
Preloading 0 native plugins for Editor in 0.00 ms.
Unloading 4070 Unused Serialized files (Serialized files now loaded: 0)
Unloading 43 unused Assets / (204.3 KB). Loaded Objects now: 4544.
Memory consumption went from 171.0 MB to 170.8 MB.
Total: 4.018300 ms (FindLiveObjects: 0.566000 ms CreateObjectMapping: 0.175200 ms MarkObjects: 3.081700 ms  DeleteObjects: 0.194000 ms)

AssetImportParameters requested are different than current active one (requested -> active):
  custom:video-decoder-ogg-theora: a1e56fd34408186e4bbccfd4996cb3dc -> 
  custom:container-muxer-webm: aa71ff27fc2769a1b78a27578f13a17b -> 
  custom:container-demuxer-webm: 4f35f7cbe854078d1ac9338744f61a02 -> 
  custom:video-encoder-webm-vp8: eb34c28f22e8b96e1ab97ce403110664 -> 
  custom:audio-encoder-webm-vorbis: bf7c407c2cedff20999df2af8eb42d56 -> 
  custom:framework-win-MediaFoundation: 216162199b28c13a410421893ffa2e32 -> 
  custom:container-demuxer-ogg: 62fdf1f143b41e24485cea50d1cbac27 -> 
  custom:video-decoder-webm-vp8: 9c59270c3fd7afecdb556c50c9e8de78 -> 
  custom:audio-decoder-ogg-vorbis: bf7c407c2cedff20999df2af8eb42d56 -> 
========================================================================
Received Import Request.
  Time since last request: 278.331270 seconds.
  path: Assets/Resources/Cainos/Pixel Art Platformer - Village Props/Prefab/PF Village Props - Gravestone B.prefab
  artifactKey: Guid(f39426a001c71d84999be2ee63c7d322) Importer(815301076,1909f56bfc062723c751e8b465ee728b)
Start importing Assets/Resources/Cainos/Pixel Art Platformer - Village Props/Prefab/PF Village Props - Gravestone B.prefab using Guid(f39426a001c71d84999be2ee63c7d322) Importer(815301076,1909f56bfc062723c751e8b465ee728b)  -> (artifact id: '97fb03cb6eea5b93628fdff589fb4d04') in 0.234178 seconds 
========================================================================
Received Import Request.
  Time since last request: 0.000038 seconds.
  path: Assets/Resources/Cainos/Pixel Art Platformer - Village Props/Prefab/PF Village Props - Anvil.prefab
  artifactKey: Guid(c2f614a8e0864dc428810ace2ccc1584) Importer(815301076,1909f56bfc062723c751e8b465ee728b)
Start importing Assets/Resources/Cainos/Pixel Art Platformer - Village Props/Prefab/PF Village Props - Anvil.prefab using Guid(c2f614a8e0864dc428810ace2ccc1584) Importer(815301076,1909f56bfc062723c751e8b465ee728b)  -> (artifact id: '8eaf51385f3fefe7df2871dea8813c97') in 0.017010 seconds 
========================================================================
Received Import Request.
  Time since last request: 0.000040 seconds.
  path: Assets/Resources/Cainos/Pixel Art Platformer - Village Props/Prefab/PF Village Props - Grain Box.prefab
  artifactKey: Guid(945a24dea7767f846ad8007110a371f3) Importer(815301076,1909f56bfc062723c751e8b465ee728b)
Start importing Assets/Resources/Cainos/Pixel Art Platformer - Village Props/Prefab/PF Village Props - Grain Box.prefab using Guid(945a24dea7767f846ad8007110a371f3) Importer(815301076,1909f56bfc062723c751e8b465ee728b)  -> (artifact id: '61d822df102c5ad0483700451de33334') in 0.014226 seconds 
========================================================================
Received Import Request.
  Time since last request: 0.000027 seconds.
  path: Assets/Resources/Cainos/Pixel Art Platformer - Village Props/Prefab/PF Village Props - Pot C.prefab
  artifactKey: Guid(4d0ea86cf0ef88c4fa3ae46ee54d15d1) Importer(815301076,1909f56bfc062723c751e8b465ee728b)
Start importing Assets/Resources/Cainos/Pixel Art Platformer - Village Props/Prefab/PF Village Props - Pot C.prefab using Guid(4d0ea86cf0ef88c4fa3ae46ee54d15d1) Importer(815301076,1909f56bfc062723c751e8b465ee728b)  -> (artifact id: '8111796792f223dbb8e1f9a311d59129') in 0.015187 seconds 
========================================================================
Received Import Request.
  Time since last request: 0.000021 seconds.
  path: Assets/Resources/Cainos/Pixel Art Platformer - Village Props/Prefab/PF Village Props - Log Bench.prefab
  artifactKey: Guid(28ae4e85426a2f54a98737a016d4cbc2) Importer(815301076,1909f56bfc062723c751e8b465ee728b)
Start importing Assets/Resources/Cainos/Pixel Art Platformer - Village Props/Prefab/PF Village Props - Log Bench.prefab using Guid(28ae4e85426a2f54a98737a016d4cbc2) Importer(815301076,1909f56bfc062723c751e8b465ee728b)  -> (artifact id: 'ae1dad9d4a0bcafdaa7e711cdd72cc10') in 0.029460 seconds 
========================================================================
Received Import Request.
  Time since last request: 0.000020 seconds.
  path: Assets/Resources/Cainos/Pixel Art Platformer - Village Props/Prefab/PF Village Props - Bush B.prefab
  artifactKey: Guid(e3ef72d9f2a941b479a3bda87147db32) Importer(815301076,1909f56bfc062723c751e8b465ee728b)
Start importing Assets/Resources/Cainos/Pixel Art Platformer - Village Props/Prefab/PF Village Props - Bush B.prefab using Guid(e3ef72d9f2a941b479a3bda87147db32) Importer(815301076,1909f56bfc062723c751e8b465ee728b)  -> (artifact id: 'b4d9ff8c18595249d5119aea3cba3e11') in 0.015392 seconds 
========================================================================
Received Import Request.
  Time since last request: 0.000027 seconds.
  path: Assets/Resources/Cainos/Pixel Art Platformer - Village Props/Prefab/PF Village Props - Hay Fork 1.prefab
  artifactKey: Guid(fad6b34e2edb6f24c951ba47fab95694) Importer(815301076,1909f56bfc062723c751e8b465ee728b)
Start importing Assets/Resources/Cainos/Pixel Art Platformer - Village Props/Prefab/PF Village Props - Hay Fork 1.prefab using Guid(fad6b34e2edb6f24c951ba47fab95694) Importer(815301076,1909f56bfc062723c751e8b465ee728b)  -> (artifact id: '99279f2f662f302ebc6a51b6d04cccbf') in 0.014810 seconds 
========================================================================
Received Import Request.
  Time since last request: 0.000025 seconds.
  path: Assets/Resources/Cainos/Pixel Art Platformer - Village Props/Prefab/PF Village Props - Hay Bale.prefab
  artifactKey: Guid(6a9ccf5128b7b1349a5a89b136f037a4) Importer(815301076,1909f56bfc062723c751e8b465ee728b)
Start importing Assets/Resources/Cainos/Pixel Art Platformer - Village Props/Prefab/PF Village Props - Hay Bale.prefab using Guid(6a9ccf5128b7b1349a5a89b136f037a4) Importer(815301076,1909f56bfc062723c751e8b465ee728b)  -> (artifact id: 'a299154f6f74b6ea3951b3ac0d94fe51') in 0.014862 seconds 
========================================================================
Received Import Request.
  Time since last request: 0.000024 seconds.
  path: Assets/Resources/Cainos/Pixel Art Platformer - Village Props/Prefab/PF Village Props - Chest Silver.prefab
  artifactKey: Guid(7f2681b23c23afc4fbb43c6dca9f41f9) Importer(815301076,1909f56bfc062723c751e8b465ee728b)
Start importing Assets/Resources/Cainos/Pixel Art Platformer - Village Props/Prefab/PF Village Props - Chest Silver.prefab using Guid(7f2681b23c23afc4fbb43c6dca9f41f9) Importer(815301076,1909f56bfc062723c751e8b465ee728b)  -> (artifact id: 'ba443a4ee10a03adbafcd5c317cc440e') in 0.110762 seconds 
========================================================================
Received Import Request.
  Time since last request: 0.000027 seconds.
  path: Assets/Resources/Cainos/Pixel Art Platformer - Village Props/Prefab/PF Village Props - Road Lamp.prefab
  artifactKey: Guid(c13263f1f05170f4e849875cee5c46d0) Importer(815301076,1909f56bfc062723c751e8b465ee728b)
Start importing Assets/Resources/Cainos/Pixel Art Platformer - Village Props/Prefab/PF Village Props - Road Lamp.prefab using Guid(c13263f1f05170f4e849875cee5c46d0) Importer(815301076,1909f56bfc062723c751e8b465ee728b)  -> (artifact id: '5380c5b5cc634753a8c7b67d525f49b1') in 0.036271 seconds 
========================================================================
Received Import Request.
  Time since last request: 0.000031 seconds.
  path: Assets/Resources/Cainos/Pixel Art Platformer - Village Props/Prefab/PF Village Props - Ladder.prefab
  artifactKey: Guid(f41211a6e39d8ab42a846d7622cabd05) Importer(815301076,1909f56bfc062723c751e8b465ee728b)
Start importing Assets/Resources/Cainos/Pixel Art Platformer - Village Props/Prefab/PF Village Props - Ladder.prefab using Guid(f41211a6e39d8ab42a846d7622cabd05) Importer(815301076,1909f56bfc062723c751e8b465ee728b)  -> (artifact id: 'eef7b674684fce9e9cee54a3c6cacb94') in 0.013694 seconds 
========================================================================
Received Import Request.
  Time since last request: 0.000024 seconds.
  path: Assets/Resources/Cainos/Pixel Art Platformer - Village Props/Prefab/PF Village Props - Training Dummy.prefab
  artifactKey: Guid(7fc30cd74f5aa724387df7546e0f3d5b) Importer(815301076,1909f56bfc062723c751e8b465ee728b)
Start importing Assets/Resources/Cainos/Pixel Art Platformer - Village Props/Prefab/PF Village Props - Training Dummy.prefab using Guid(7fc30cd74f5aa724387df7546e0f3d5b) Importer(815301076,1909f56bfc062723c751e8b465ee728b)  -> (artifact id: 'ba7a6802078e9bb8daa5f91dddf7d8cd') in 0.024839 seconds 
========================================================================
Received Import Request.
  Time since last request: 0.000026 seconds.
  path: Assets/Resources/Cainos/Pixel Art Platformer - Village Props/Prefab/PF Village Props - Rock B.prefab
  artifactKey: Guid(b076c268235cb7348a5d9a036ec254c4) Importer(815301076,1909f56bfc062723c751e8b465ee728b)
Start importing Assets/Resources/Cainos/Pixel Art Platformer - Village Props/Prefab/PF Village Props - Rock B.prefab using Guid(b076c268235cb7348a5d9a036ec254c4) Importer(815301076,1909f56bfc062723c751e8b465ee728b)  -> (artifact id: '4c3c09e1de72607eefef1aa0ea0374b0') in 0.016054 seconds 
========================================================================
Received Import Request.
  Time since last request: 0.000025 seconds.
  path: Assets/Resources/Cainos/Pixel Art Platformer - Village Props/Prefab/PF Village Props - Apple.prefab
  artifactKey: Guid(d732c433f052247478d37fac6cedfe30) Importer(815301076,1909f56bfc062723c751e8b465ee728b)
Start importing Assets/Resources/Cainos/Pixel Art Platformer - Village Props/Prefab/PF Village Props - Apple.prefab using Guid(d732c433f052247478d37fac6cedfe30) Importer(815301076,1909f56bfc062723c751e8b465ee728b)  -> (artifact id: '93f8bd3437029b48ce049e6825184875') in 0.020538 seconds 
========================================================================
Received Import Request.
  Time since last request: 0.000031 seconds.
  path: Assets/Resources/Cainos/Pixel Art Platformer - Village Props/Prefab/PF Village Props - Gunny Bag A.prefab
  artifactKey: Guid(c223d1574bec3184c97d31eaf1406178) Importer(815301076,1909f56bfc062723c751e8b465ee728b)
Start importing Assets/Resources/Cainos/Pixel Art Platformer - Village Props/Prefab/PF Village Props - Gunny Bag A.prefab using Guid(c223d1574bec3184c97d31eaf1406178) Importer(815301076,1909f56bfc062723c751e8b465ee728b)  -> (artifact id: '0993c65023c4e121d37b582a8dd7115e') in 0.015449 seconds 
========================================================================
Received Import Request.
  Time since last request: 0.000024 seconds.
  path: Assets/Resources/Cainos/Pixel Art Platformer - Village Props/Prefab/PF Village Props - Pot A.prefab
  artifactKey: Guid(78c0f168d9274124eaeedea139301a44) Importer(815301076,1909f56bfc062723c751e8b465ee728b)
Start importing Assets/Resources/Cainos/Pixel Art Platformer - Village Props/Prefab/PF Village Props - Pot A.prefab using Guid(78c0f168d9274124eaeedea139301a44) Importer(815301076,1909f56bfc062723c751e8b465ee728b)  -> (artifact id: 'c07e8f57afda53abb7096e457e65ff89') in 0.030427 seconds 
========================================================================
Received Import Request.
  Time since last request: 0.000021 seconds.
  path: Assets/Resources/Cainos/Pixel Art Platformer - Village Props/Prefab/PF Village Props - Hay Pile.prefab
  artifactKey: Guid(337bf7fb32e777b41a8411ca5d35e56f) Importer(815301076,1909f56bfc062723c751e8b465ee728b)
Start importing Assets/Resources/Cainos/Pixel Art Platformer - Village Props/Prefab/PF Village Props - Hay Pile.prefab using Guid(337bf7fb32e777b41a8411ca5d35e56f) Importer(815301076,1909f56bfc062723c751e8b465ee728b)  -> (artifact id: '2b1cbc250eaff6f174033779368b35e0') in 0.014608 seconds 
========================================================================
Received Import Request.
  Time since last request: 0.000023 seconds.
  path: Assets/Resources/Cainos/Pixel Art Platformer - Village Props/Prefab/PF Village Props - Heavy Sword.prefab
  artifactKey: Guid(9af026272fa8fd144b992aa10e9a13b5) Importer(815301076,1909f56bfc062723c751e8b465ee728b)
Start importing Assets/Resources/Cainos/Pixel Art Platformer - Village Props/Prefab/PF Village Props - Heavy Sword.prefab using Guid(9af026272fa8fd144b992aa10e9a13b5) Importer(815301076,1909f56bfc062723c751e8b465ee728b)  -> (artifact id: 'fb768b2a392dc5a7e3d295401ee45b91') in 0.013800 seconds 
========================================================================
Received Import Request.
  Time since last request: 0.000024 seconds.
  path: Assets/Resources/Cainos/Pixel Art Platformer - Village Props/Prefab/PF Village Props - Statue.prefab
  artifactKey: Guid(92a08448cd3527a4aaf11bc404e0f1a0) Importer(815301076,1909f56bfc062723c751e8b465ee728b)
Start importing Assets/Resources/Cainos/Pixel Art Platformer - Village Props/Prefab/PF Village Props - Statue.prefab using Guid(92a08448cd3527a4aaf11bc404e0f1a0) Importer(815301076,1909f56bfc062723c751e8b465ee728b)  -> (artifact id: '91b9729d860eaad927827d4fc8384c96') in 0.031391 seconds 
========================================================================
Received Import Request.
  Time since last request: 0.000032 seconds.
  path: Assets/Resources/Cainos/Pixel Art Platformer - Village Props/Prefab/PF Village Props - Clother Hanger.prefab
  artifactKey: Guid(cbdefb422455c2a4aab364028b4b5e10) Importer(815301076,1909f56bfc062723c751e8b465ee728b)
Start importing Assets/Resources/Cainos/Pixel Art Platformer - Village Props/Prefab/PF Village Props - Clother Hanger.prefab using Guid(cbdefb422455c2a4aab364028b4b5e10) Importer(815301076,1909f56bfc062723c751e8b465ee728b)  -> (artifact id: 'f4f6f691809580f5a93796f0f33ccf28') in 0.018524 seconds 
========================================================================
Received Import Request.
  Time since last request: 0.000024 seconds.
  path: Assets/Resources/Cainos/Pixel Art Platformer - Village Props/Prefab/PF Village Props - Platform W.prefab
  artifactKey: Guid(88bfda9eeb201b349a508b0347d22590) Importer(815301076,1909f56bfc062723c751e8b465ee728b)
Start importing Assets/Resources/Cainos/Pixel Art Platformer - Village Props/Prefab/PF Village Props - Platform W.prefab using Guid(88bfda9eeb201b349a508b0347d22590) Importer(815301076,1909f56bfc062723c751e8b465ee728b)  -> (artifact id: 'e52822cb31efd5fcb46f795d954397c5') in 0.012948 seconds 
========================================================================
Received Import Request.
  Time since last request: 0.000023 seconds.
  path: Assets/Resources/Cainos/Pixel Art Platformer - Village Props/Prefab/PF Village Props - Arrow.prefab
  artifactKey: Guid(27277137d0605bd45bd741cdb791e0c1) Importer(815301076,1909f56bfc062723c751e8b465ee728b)
Start importing Assets/Resources/Cainos/Pixel Art Platformer - Village Props/Prefab/PF Village Props - Arrow.prefab using Guid(27277137d0605bd45bd741cdb791e0c1) Importer(815301076,1909f56bfc062723c751e8b465ee728b)  -> (artifact id: '65182062017d8baa044eb08a6c8472ff') in 0.013721 seconds 
========================================================================
Received Import Request.
  Time since last request: 0.000029 seconds.
  path: Assets/Resources/Cainos/Pixel Art Platformer - Village Props/Prefab/PF Village Props - Rock C.prefab
  artifactKey: Guid(2f54e7022d76f09478e2e1124e212cc5) Importer(815301076,1909f56bfc062723c751e8b465ee728b)
Start importing Assets/Resources/Cainos/Pixel Art Platformer - Village Props/Prefab/PF Village Props - Rock C.prefab using Guid(2f54e7022d76f09478e2e1124e212cc5) Importer(815301076,1909f56bfc062723c751e8b465ee728b)  -> (artifact id: 'd40b3097601538bbcd46d38a1ca61919') in 0.014444 seconds 
========================================================================
Received Import Request.
  Time since last request: 0.000029 seconds.
  path: Assets/Resources/Cainos/Pixel Art Platformer - Village Props/Prefab/PF Village Props - Sunflower C.prefab
  artifactKey: Guid(ab2f44b99adf358449c83b74c274b97b) Importer(815301076,1909f56bfc062723c751e8b465ee728b)
Start importing Assets/Resources/Cainos/Pixel Art Platformer - Village Props/Prefab/PF Village Props - Sunflower C.prefab using Guid(ab2f44b99adf358449c83b74c274b97b) Importer(815301076,1909f56bfc062723c751e8b465ee728b)  -> (artifact id: '94c6457cf879cf063b3f31c3b7d25e46') in 0.013686 seconds 
========================================================================
Received Import Request.
  Time since last request: 0.000025 seconds.
  path: Assets/Resources/Cainos/Pixel Art Platformer - Village Props/Prefab/PF Village Props - Table.prefab
  artifactKey: Guid(b78702531cc991540bea14f3518027c2) Importer(815301076,1909f56bfc062723c751e8b465ee728b)
Start importing Assets/Resources/Cainos/Pixel Art Platformer - Village Props/Prefab/PF Village Props - Table.prefab using Guid(b78702531cc991540bea14f3518027c2) Importer(815301076,1909f56bfc062723c751e8b465ee728b)  -> (artifact id: 'b2e128f5440083bbab021f204fe8c8da') in 0.014115 seconds 
========================================================================
Received Import Request.
  Time since last request: 0.000023 seconds.
  path: Assets/Resources/Cainos/Pixel Art Platformer - Village Props/Prefab/PF Village Props - Fire Bowl.prefab
  artifactKey: Guid(56e2a525e0fbd93419c9b313c362934d) Importer(815301076,1909f56bfc062723c751e8b465ee728b)
Start importing Assets/Resources/Cainos/Pixel Art Platformer - Village Props/Prefab/PF Village Props - Fire Bowl.prefab using Guid(56e2a525e0fbd93419c9b313c362934d) Importer(815301076,1909f56bfc062723c751e8b465ee728b)  -> (artifact id: 'b03a4adb33b453ce99989fcf40c3f8ef') in 0.019692 seconds 
========================================================================
Received Import Request.
  Time since last request: 0.000025 seconds.
  path: Assets/Resources/Cainos/Pixel Art Platformer - Village Props/Prefab/PF Village Props - Crate Large.prefab
  artifactKey: Guid(78538c3cab4610f4d914a10e71bdf46b) Importer(815301076,1909f56bfc062723c751e8b465ee728b)
Start importing Assets/Resources/Cainos/Pixel Art Platformer - Village Props/Prefab/PF Village Props - Crate Large.prefab using Guid(78538c3cab4610f4d914a10e71bdf46b) Importer(815301076,1909f56bfc062723c751e8b465ee728b)  -> (artifact id: 'c8ebe9a16773a6b0e0ae1da5be5e6a60') in 0.014160 seconds 
========================================================================
Received Import Request.
  Time since last request: 0.000030 seconds.
  path: Assets/Resources/Cainos/Pixel Art Platformer - Village Props/Prefab/PF Village Props - Chest Wooden.prefab
  artifactKey: Guid(f98d0f39fcc67a34f844abd8a50f2c03) Importer(815301076,1909f56bfc062723c751e8b465ee728b)
Start importing Assets/Resources/Cainos/Pixel Art Platformer - Village Props/Prefab/PF Village Props - Chest Wooden.prefab using Guid(f98d0f39fcc67a34f844abd8a50f2c03) Importer(815301076,1909f56bfc062723c751e8b465ee728b)  -> (artifact id: '9c54120d8b479b61f12cfa537c60bbff') in 0.018549 seconds 
========================================================================
Received Import Request.
  Time since last request: 0.000034 seconds.
  path: Assets/Resources/Cainos/Pixel Art Platformer - Village Props/Prefab/PF Village Props - Bush C.prefab
  artifactKey: Guid(de570bfbf1a49ba4c9575930f7db6bae) Importer(815301076,1909f56bfc062723c751e8b465ee728b)
Start importing Assets/Resources/Cainos/Pixel Art Platformer - Village Props/Prefab/PF Village Props - Bush C.prefab using Guid(de570bfbf1a49ba4c9575930f7db6bae) Importer(815301076,1909f56bfc062723c751e8b465ee728b)  -> (artifact id: '5a4477127c609cb23f93c842ebf2cbbc') in 0.019384 seconds 
========================================================================
Received Import Request.
  Time since last request: 0.000024 seconds.
  path: Assets/Resources/Cainos/Pixel Art Platformer - Village Props/Prefab/PF Village Props - Sword.prefab
  artifactKey: Guid(b8fd7e9f16def9745b8b8b4c3928d52d) Importer(815301076,1909f56bfc062723c751e8b465ee728b)
Start importing Assets/Resources/Cainos/Pixel Art Platformer - Village Props/Prefab/PF Village Props - Sword.prefab using Guid(b8fd7e9f16def9745b8b8b4c3928d52d) Importer(815301076,1909f56bfc062723c751e8b465ee728b)  -> (artifact id: 'ccfe57ead99bd742728065bde00de9b3') in 0.016213 seconds 
========================================================================
Received Import Request.
  Time since last request: 0.000025 seconds.
  path: Assets/Resources/Cainos/Pixel Art Platformer - Village Props/Prefab/PF Village Props - Stump.prefab
  artifactKey: Guid(64cddfc21e04a9c408921968b73a68ad) Importer(815301076,1909f56bfc062723c751e8b465ee728b)
Start importing Assets/Resources/Cainos/Pixel Art Platformer - Village Props/Prefab/PF Village Props - Stump.prefab using Guid(64cddfc21e04a9c408921968b73a68ad) Importer(815301076,1909f56bfc062723c751e8b465ee728b)  -> (artifact id: 'e1fd94383ab7a247ce2a1eb32d81a7fe') in 0.014302 seconds 
========================================================================
Received Import Request.
  Time since last request: 0.000027 seconds.
  path: Assets/Resources/Cainos/Pixel Art Platformer - Village Props/Prefab/PF Village Props - Spike Ball.prefab
  artifactKey: Guid(ac067d7d3bd8a1c4a9fb05099b5a4e06) Importer(815301076,1909f56bfc062723c751e8b465ee728b)
Start importing Assets/Resources/Cainos/Pixel Art Platformer - Village Props/Prefab/PF Village Props - Spike Ball.prefab using Guid(ac067d7d3bd8a1c4a9fb05099b5a4e06) Importer(815301076,1909f56bfc062723c751e8b465ee728b)  -> (artifact id: 'e573b374f72e5c6f04ca9b1a7ca7b483') in 0.016664 seconds 
========================================================================
Received Import Request.
  Time since last request: 0.000024 seconds.
  path: Assets/Resources/Cainos/Pixel Art Platformer - Village Props/Prefab/PF Village Props - Chest Golden.prefab
  artifactKey: Guid(cea950ff3b9b0804f967eaec919f19f7) Importer(815301076,1909f56bfc062723c751e8b465ee728b)
Start importing Assets/Resources/Cainos/Pixel Art Platformer - Village Props/Prefab/PF Village Props - Chest Golden.prefab using Guid(cea950ff3b9b0804f967eaec919f19f7) Importer(815301076,1909f56bfc062723c751e8b465ee728b)  -> (artifact id: 'd50a5a6a4d6aa20f0259f275b4950beb') in 0.045836 seconds 
========================================================================
Received Import Request.
  Time since last request: 0.000023 seconds.
  path: Assets/Resources/Cainos/Pixel Art Platformer - Village Props/Prefab/PF Village Props - Platform E.prefab
  artifactKey: Guid(4e2f5851c35ac714993e47e8bfd4da5e) Importer(815301076,1909f56bfc062723c751e8b465ee728b)
Start importing Assets/Resources/Cainos/Pixel Art Platformer - Village Props/Prefab/PF Village Props - Platform E.prefab using Guid(4e2f5851c35ac714993e47e8bfd4da5e) Importer(815301076,1909f56bfc062723c751e8b465ee728b)  -> (artifact id: '2999bd9da19c3fbbe1a7ca3808c33a4d') in 0.015279 seconds 
========================================================================
Received Import Request.
  Time since last request: 0.000025 seconds.
  path: Assets/Resources/Cainos/Pixel Art Platformer - Village Props/Prefab/PF Village Props - Pumpkin B.prefab
  artifactKey: Guid(c733f14e73fac4e4cbcdf3c827225214) Importer(815301076,1909f56bfc062723c751e8b465ee728b)
Start importing Assets/Resources/Cainos/Pixel Art Platformer - Village Props/Prefab/PF Village Props - Pumpkin B.prefab using Guid(c733f14e73fac4e4cbcdf3c827225214) Importer(815301076,1909f56bfc062723c751e8b465ee728b)  -> (artifact id: 'c9be461d51fd8a86baebd3f2c4170e91') in 0.015617 seconds 
========================================================================
Received Import Request.
  Time since last request: 0.000024 seconds.
  path: Assets/Resources/Cainos/Pixel Art Platformer - Village Props/Prefab/PF Village Props - Cauldron.prefab
  artifactKey: Guid(838a9c74e6cba734faec44d9be3b765e) Importer(815301076,1909f56bfc062723c751e8b465ee728b)
Start importing Assets/Resources/Cainos/Pixel Art Platformer - Village Props/Prefab/PF Village Props - Cauldron.prefab using Guid(838a9c74e6cba734faec44d9be3b765e) Importer(815301076,1909f56bfc062723c751e8b465ee728b)  -> (artifact id: 'd918c3a13c7a223d1e9d151de7471d95') in 0.014178 seconds 
========================================================================
Received Import Request.
  Time since last request: 0.000031 seconds.
  path: Assets/Resources/Cainos/Pixel Art Platformer - Village Props/Animation/AC Chest Wooden.controller
  artifactKey: Guid(c03720f7745e89548905250b2e5fe391) Importer(815301076,1909f56bfc062723c751e8b465ee728b)
Start importing Assets/Resources/Cainos/Pixel Art Platformer - Village Props/Animation/AC Chest Wooden.controller using Guid(c03720f7745e89548905250b2e5fe391) Importer(815301076,1909f56bfc062723c751e8b465ee728b)  -> (artifact id: '36901aff970e070aa114d00aabb093ef') in 0.008657 seconds 
========================================================================
Received Import Request.
  Time since last request: 0.000033 seconds.
  path: Assets/Resources/Cainos/Pixel Art Platformer - Village Props/Prefab/PF Village Props - Chair.prefab
  artifactKey: Guid(bb67ae3035abce24aa87122c96acac22) Importer(815301076,1909f56bfc062723c751e8b465ee728b)
Start importing Assets/Resources/Cainos/Pixel Art Platformer - Village Props/Prefab/PF Village Props - Chair.prefab using Guid(bb67ae3035abce24aa87122c96acac22) Importer(815301076,1909f56bfc062723c751e8b465ee728b)  -> (artifact id: '66777aca6caa0ff46320cccab9b2ab79') in 0.014247 seconds 
========================================================================
Received Import Request.
  Time since last request: 0.000024 seconds.
  path: Assets/Resources/Cainos/Pixel Art Platformer - Village Props/Prefab/PF Village Props - Pot B.prefab
  artifactKey: Guid(282d10bd840f2244d993130a17f23515) Importer(815301076,1909f56bfc062723c751e8b465ee728b)
Start importing Assets/Resources/Cainos/Pixel Art Platformer - Village Props/Prefab/PF Village Props - Pot B.prefab using Guid(282d10bd840f2244d993130a17f23515) Importer(815301076,1909f56bfc062723c751e8b465ee728b)  -> (artifact id: '25fbad090efee5671ebb5323ba92cd0d') in 0.013048 seconds 
Editor requested this worker to shutdown with reason: Scaling down because of idle timeout
AssetImportWorker is now disconnected from the server
Process exiting
Exiting without the bug reporter. Application will terminate with return code 0